# JRE version: OpenJDK Runtime Environment (8.0_242-b01) (build 1.8.0_242-release-1644-b01)
# Java VM: OpenJDK 64-Bit Server VM (25.242-b01 mixed mode windows-amd64 compressed oops)
Heap:
 PSYoungGen      total 340480K, used 5432K [0x00000000d5580000, 0x00000000f5a00000, 0x0000000100000000)
  eden space 318976K, 1% used [0x00000000d5580000,0x00000000d5ace090,0x00000000e8d00000)
  from space 21504K, 0% used [0x00000000e8d00000,0x00000000e8d00000,0x00000000ea200000)
  to   space 27648K, 0% used [0x00000000f3f00000,0x00000000f3f00000,0x00000000f5a00000)
 ParOldGen       total 156160K, used 38904K [0x0000000080000000, 0x0000000089880000, 0x00000000d5580000)
  object space 156160K, 24% used [0x0000000080000000,0x00000000825fe3f8,0x0000000089880000)
 Metaspace       used 57111K, capacity 59344K, committed 59544K, reserved 1099776K
  class space    used 7735K, capacity 8241K, committed 8368K, reserved 1048576K
GC Heap History (10 events):
Event: 28.092 GC heap before
{Heap before GC invocations=6 (full 1):
 PSYoungGen      total 204800K, used 164052K [0x00000000d5580000, 0x00000000e2580000, 0x0000000100000000)
  eden space 196608K, 83% used [0x00000000d5580000,0x00000000df5b5188,0x00000000e1580000)
  from space 8192K, 0% used [0x00000000e1d80000,0x00000000e1d80000,0x00000000e2580000)
  to   space 8192K, 0% used [0x00000000e1580000,0x00000000e1580000,0x00000000e1d80000)
 ParOldGen       total 76800K, used 8003K [0x0000000080000000, 0x0000000084b00000, 0x00000000d5580000)
  object space 76800K, 10% used [0x0000000080000000,0x00000000807d0f98,0x0000000084b00000)
 Metaspace       used 34290K, capacity 35408K, committed 35496K, reserved 1079296K
  class space    used 4718K, capacity 5001K, committed 5040K, reserved 1048576K
Event: 28.120 GC heap after
Heap after GC invocations=6 (full 1):
 PSYoungGen      total 204800K, used 8176K [0x00000000d5580000, 0x00000000eb700000, 0x0000000100000000)
  eden space 196608K, 0% used [0x00000000d5580000,0x00000000d5580000,0x00000000e1580000)
  from space 8192K, 99% used [0x00000000e1580000,0x00000000e1d7c2b0,0x00000000e1d80000)
  to   space 17920K, 0% used [0x00000000ea580000,0x00000000ea580000,0x00000000eb700000)
 ParOldGen       total 76800K, used 16507K [0x0000000080000000, 0x0000000084b00000, 0x00000000d5580000)
  object space 76800K, 21% used [0x0000000080000000,0x000000008101ee80,0x0000000084b00000)
 Metaspace       used 34290K, capacity 35408K, committed 35496K, reserved 1079296K
  class space    used 4718K, capacity 5001K, committed 5040K, reserved 1048576K
}
Event: 28.120 GC heap before
{Heap before GC invocations=7 (full 2):
 PSYoungGen      total 204800K, used 8176K [0x00000000d5580000, 0x00000000eb700000, 0x0000000100000000)
  eden space 196608K, 0% used [0x00000000d5580000,0x00000000d5580000,0x00000000e1580000)
  from space 8192K, 99% used [0x00000000e1580000,0x00000000e1d7c2b0,0x00000000e1d80000)
  to   space 17920K, 0% used [0x00000000ea580000,0x00000000ea580000,0x00000000eb700000)
 ParOldGen       total 76800K, used 16507K [0x0000000080000000, 0x0000000084b00000, 0x00000000d5580000)
  object space 76800K, 21% used [0x0000000080000000,0x000000008101ee80,0x0000000084b00000)
 Metaspace       used 34290K, capacity 35408K, committed 35496K, reserved 1079296K
  class space    used 4718K, capacity 5001K, committed 5040K, reserved 1048576K
Event: 28.260 GC heap after
Heap after GC invocations=7 (full 2):
 PSYoungGen      total 204800K, used 0K [0x00000000d5580000, 0x00000000eb700000, 0x0000000100000000)
  eden space 196608K, 0% used [0x00000000d5580000,0x00000000d5580000,0x00000000e1580000)
  from space 8192K, 0% used [0x00000000e1580000,0x00000000e1580000,0x00000000e1d80000)
  to   space 17920K, 0% used [0x00000000ea580000,0x00000000ea580000,0x00000000eb700000)
 ParOldGen       total 118272K, used 22660K [0x0000000080000000, 0x0000000087380000, 0x00000000d5580000)
  object space 118272K, 19% used [0x0000000080000000,0x0000000081621230,0x0000000087380000)
 Metaspace       used 34290K, capacity 35408K, committed 35496K, reserved 1079296K
  class space    used 4718K, capacity 5001K, committed 5040K, reserved 1048576K
}
Event: 66.580 GC heap before
{Heap before GC invocations=8 (full 2):
 PSYoungGen      total 204800K, used 196608K [0x00000000d5580000, 0x00000000eb700000, 0x0000000100000000)
  eden space 196608K, 100% used [0x00000000d5580000,0x00000000e1580000,0x00000000e1580000)
  from space 8192K, 0% used [0x00000000e1580000,0x00000000e1580000,0x00000000e1d80000)
  to   space 17920K, 0% used [0x00000000ea580000,0x00000000ea580000,0x00000000eb700000)
 ParOldGen       total 118272K, used 22660K [0x0000000080000000, 0x0000000087380000, 0x00000000d5580000)
  object space 118272K, 19% used [0x0000000080000000,0x0000000081621230,0x0000000087380000)
 Metaspace       used 45490K, capacity 47238K, committed 47528K, reserved 1089536K
  class space    used 6142K, capacity 6507K, committed 6576K, reserved 1048576K
Event: 66.613 GC heap after
Heap after GC invocations=8 (full 2):
 PSYoungGen      total 329728K, used 17905K [0x00000000d5580000, 0x00000000eb700000, 0x0000000100000000)
  eden space 311808K, 0% used [0x00000000d5580000,0x00000000d5580000,0x00000000e8600000)
  from space 17920K, 99% used [0x00000000ea580000,0x00000000eb6fc768,0x00000000eb700000)
  to   space 21504K, 0% used [0x00000000e8d00000,0x00000000e8d00000,0x00000000ea200000)
 ParOldGen       total 118272K, used 22885K [0x0000000080000000, 0x0000000087380000, 0x00000000d5580000)
  object space 118272K, 19% used [0x0000000080000000,0x0000000081659578,0x0000000087380000)
 Metaspace       used 45490K, capacity 47238K, committed 47528K, reserved 1089536K
  class space    used 6142K, capacity 6507K, committed 6576K, reserved 1048576K
}
Event: 127.397 GC heap before
{Heap before GC invocations=9 (full 2):
 PSYoungGen      total 329728K, used 172961K [0x00000000d5580000, 0x00000000eb700000, 0x0000000100000000)
  eden space 311808K, 49% used [0x00000000d5580000,0x00000000decebf68,0x00000000e8600000)
  from space 17920K, 99% used [0x00000000ea580000,0x00000000eb6fc768,0x00000000eb700000)
  to   space 21504K, 0% used [0x00000000e8d00000,0x00000000e8d00000,0x00000000ea200000)
 ParOldGen       total 118272K, used 22885K [0x0000000080000000, 0x0000000087380000, 0x00000000d5580000)
  object space 118272K, 19% used [0x0000000080000000,0x0000000081659578,0x0000000087380000)
 Metaspace       used 56938K, capacity 59088K, committed 59160K, reserved 1099776K
  class space    used 7705K, capacity 8177K, committed 8240K, reserved 1048576K
Event: 127.455 GC heap after
Heap after GC invocations=9 (full 2):
 PSYoungGen      total 340480K, used 21487K [0x00000000d5580000, 0x00000000f5a00000, 0x0000000100000000)
  eden space 318976K, 0% used [0x00000000d5580000,0x00000000d5580000,0x00000000e8d00000)
  from space 21504K, 99% used [0x00000000e8d00000,0x00000000ea1fbc48,0x00000000ea200000)
  to   space 27648K, 0% used [0x00000000f3f00000,0x00000000f3f00000,0x00000000f5a00000)
 ParOldGen       total 118272K, used 27978K [0x0000000080000000, 0x0000000087380000, 0x00000000d5580000)
  object space 118272K, 23% used [0x0000000080000000,0x0000000081b52bf8,0x0000000087380000)
 Metaspace       used 56938K, capacity 59088K, committed 59160K, reserved 1099776K
  class space    used 7705K, capacity 8177K, committed 8240K, reserved 1048576K
}
Event: 127.455 GC heap before
{Heap before GC invocations=10 (full 3):
 PSYoungGen      total 340480K, used 21487K [0x00000000d5580000, 0x00000000f5a00000, 0x0000000100000000)
  eden space 318976K, 0% used [0x00000000d5580000,0x00000000d5580000,0x00000000e8d00000)
  from space 21504K, 99% used [0x00000000e8d00000,0x00000000ea1fbc48,0x00000000ea200000)
  to   space 27648K, 0% used [0x00000000f3f00000,0x00000000f3f00000,0x00000000f5a00000)
 ParOldGen       total 118272K, used 27978K [0x0000000080000000, 0x0000000087380000, 0x00000000d5580000)
  object space 118272K, 23% used [0x0000000080000000,0x0000000081b52bf8,0x0000000087380000)
 Metaspace       used 56938K, capacity 59088K, committed 59160K, reserved 1099776K
  class space    used 7705K, capacity 8177K, committed 8240K, reserved 1048576K
Event: 127.868 GC heap after
Heap after GC invocations=10 (full 3):
 PSYoungGen      total 340480K, used 0K [0x00000000d5580000, 0x00000000f5a00000, 0x0000000100000000)
  eden space 318976K, 0% used [0x00000000d5580000,0x00000000d5580000,0x00000000e8d00000)
  from space 21504K, 0% used [0x00000000e8d00000,0x00000000e8d00000,0x00000000ea200000)
  to   space 27648K, 0% used [0x00000000f3f00000,0x00000000f3f00000,0x00000000f5a00000)
 ParOldGen       total 156160K, used 38904K [0x0000000080000000, 0x0000000089880000, 0x00000000d5580000)
  object space 156160K, 24% used [0x0000000080000000,0x00000000825fe3f8,0x0000000089880000)
 Metaspace       used 56931K, capacity 59064K, committed 59160K, reserved 1099776K
  class space    used 7703K, capacity 8173K, committed 8240K, reserved 1048576K
}

